<?xml version="1.0" encoding="UTF-8"?>
<!-- Generated by org.testng.reporters.JUnitReportReporter -->
<testsuite skipped="0" hostname="DESKTOP-VC9HLUK" name="com.testng.SampleTest" tests="3" failures="0" timestamp="11 Jun 2018 11:38:57 GMT" time="0.019" errors="0">
  <testcase name="creatCustomer" time="0.014" classname="com.testng.SampleTest"/>
  <testcase name="modifyCustomer" time="0.003" classname="com.testng.SampleTest"/>
  <testcase name="deleteCustomer" time="0.002" classname="com.testng.SampleTest"/>
</testsuite> <!-- com.testng.SampleTest -->
