<?xml version="1.0" encoding="UTF-8"?>
<!-- Generated by org.testng.reporters.JUnitReportReporter -->
<testsuite skipped="0" hostname="Adi" name="com.testngtest.customer.sampleTest1" tests="1" failures="0" timestamp="09 Jan 2019 14:18:29 GMT" time="0.016" errors="0">
  <testcase name="ConfigAM" time="0.016" classname="com.testngtest.customer.sampleTest1"/>
</testsuite> <!-- com.testngtest.customer.sampleTest1 -->
