<?xml version="1.0" encoding="UTF-8"?>
<!-- Generated by org.testng.reporters.JUnitReportReporter -->
<testsuite skipped="0" hostname="Adi" name="com.testngtest.customer.sampleTest" tests="1" failures="0" timestamp="09 Jan 2019 13:58:06 GMT" time="0.021" errors="0">
  <testcase name="createCustomerTest" time="0.021" classname="com.testngtest.customer.sampleTest"/>
</testsuite> <!-- com.testngtest.customer.sampleTest -->
