<?xml version="1.0" encoding="UTF-8"?>
<!-- Generated by org.testng.reporters.JUnitReportReporter -->
<testsuite skipped="0" hostname="Adi" name="com.testngtest.customer.simpleTest1" tests="3" failures="0" timestamp="08 Jan 2019 07:50:56 GMT" time="0.017" errors="0">
  <testcase name="createCustomerTest" time="0.017" classname="com.testngtest.customer.simpleTest1"/>
  <testcase name="modifyCustomerTest" time="0.000" classname="com.testngtest.customer.simpleTest1"/>
  <testcase name="deleteCustomerTest" time="0.000" classname="com.testngtest.customer.simpleTest1"/>
</testsuite> <!-- com.testngtest.customer.simpleTest1 -->
