<?xml version="1.0" encoding="UTF-8"?>
<!-- Generated by org.testng.reporters.JUnitReportReporter -->
<testsuite skipped="0" hostname="Adi" name="com.testngtest.customer.SimpleTest" tests="1" failures="0" timestamp="08 Jan 2019 07:26:57 GMT" time="0.027" errors="0">
  <testcase name="customer" time="0.027" classname="com.testngtest.customer.SimpleTest"/>
</testsuite> <!-- com.testngtest.customer.SimpleTest -->
